kotlin version: 2.2.21
error message: Incremental compilation failed: The following FqNames can't be derived from DirtyData.dirtyLookupSymbols: work.aljazroglic.kinolib.Movie.
DirtyData = DirtyData(dirtyLookupSymbols=[LookupSymbol(name=movies, scope=work.aljazroglic.kinolib.Theatre), LookupSymbol(name=generateRandom, scope=work.aljazroglic.kinolib.Movie.Companion), LookupSymbol(name=Companion, scope=work.aljazroglic.kinolib.Movie), LookupSymbol(name=<SAM-CONSTRUCTOR>, scope=work.aljazroglic.kinolib.Movie.Companion), LookupSymbol(name=RatedMovie, scope=work.aljazroglic.kinolib), LookupSymbol(name=<SAM-CONSTRUCTOR>, scope=work.aljazroglic.kinolib.Movie), LookupSymbol(name=<SAM-CONSTRUCTOR>, scope=work.aljazroglic.kinolib.Theatre)], dirtyClassesFqNames=[work.aljazroglic.kinolib.RatedMovie, work.aljazroglic.kinolib.Movie.Companion, work.aljazroglic.kinolib.Theatre, work.aljazroglic.kinolib.Movie], dirtyClassesFqNamesForceRecompile=[])
java.lang.IllegalStateException: The following FqNames can't be derived from DirtyData.dirtyLookupSymbols: work.aljazroglic.kinolib.Movie.
DirtyData = DirtyData(dirtyLookupSymbols=[LookupSymbol(name=movies, scope=work.aljazroglic.kinolib.Theatre), LookupSymbol(name=generateRandom, scope=work.aljazroglic.kinolib.Movie.Companion), LookupSymbol(name=Companion, scope=work.aljazroglic.kinolib.Movie), LookupSymbol(name=<SAM-CONSTRUCTOR>, scope=work.aljazroglic.kinolib.Movie.Companion), LookupSymbol(name=RatedMovie, scope=work.aljazroglic.kinolib), LookupSymbol(name=<SAM-CONSTRUCTOR>, scope=work.aljazroglic.kinolib.Movie), LookupSymbol(name=<SAM-CONSTRUCTOR>, scope=work.aljazroglic.kinolib.Theatre)], dirtyClassesFqNames=[work.aljazroglic.kinolib.RatedMovie, work.aljazroglic.kinolib.Movie.Companion, work.aljazroglic.kinolib.Theatre, work.aljazroglic.kinolib.Movie], dirtyClassesFqNamesForceRecompile=[])
	at org.jetbrains.kotlin.incremental.classpathDiff.ClasspathChangesComputer.toProgramSymbols(ClasspathChangesComputer.kt:364)
	at org.jetbrains.kotlin.incremental.classpathDiff.ClasspathChangesComputer.computeFineGrainedKotlinClassChanges(ClasspathChangesComputer.kt:264)
	at org.jetbrains.kotlin.incremental.classpathDiff.ClasspathChangesComputer.computeKotlinClassChanges(ClasspathChangesComputer.kt:164)
	at org.jetbrains.kotlin.incremental.classpathDiff.ClasspathChangesComputer.computeClassChanges(ClasspathChangesComputer.kt:137)
	at org.jetbrains.kotlin.incremental.classpathDiff.ClasspathChangesComputer.computeChangedAndImpactedSet(ClasspathChangesComputer.kt:87)
	at org.jetbrains.kotlin.incremental.classpathDiff.ClasspathChangesComputer.computeClasspathChanges(ClasspathChangesComputer.kt:55)
	at org.jetbrains.kotlin.incremental.dirtyFiles.ClasspathSnapshotBasedImpactDeterminer.determineChangedAndImpactedSymbols(ClasspathSnapshotBasedImpactDeterminer.kt:42)
	at org.jetbrains.kotlin.incremental.dirtyFiles.JvmSourcesToCompileCalculator.calculateSourcesToCompileImpl(JvmSourcesToCompileCalculator.kt:41)
	at org.jetbrains.kotlin.incremental.dirtyFiles.JvmSourcesToCompileCalculator.calculateWithClasspathSnapshot(JvmSourcesToCompileCalculator.kt:97)
	at org.jetbrains.kotlin.incremental.IncrementalJvmCompilerRunner.calculateSourcesToCompile(IncrementalJvmCompilerRunner.kt:60)
	at org.jetbrains.kotlin.incremental.IncrementalJvmCompilerRunner.calculateSourcesToCompile(IncrementalJvmCompilerRunner.kt:23)
	at org.jetbrains.kotlin.incremental.IncrementalCompilerRunner.tryCompileIncrementally$lambda$0$compile(IncrementalCompilerRunner.kt:225)
	at org.jetbrains.kotlin.incremental.IncrementalCompilerRunner.tryCompileIncrementally(IncrementalCompilerRunner.kt:267)
	at org.jetbrains.kotlin.incremental.IncrementalCompilerRunner.compile(IncrementalCompilerRunner.kt:119)
	at org.jetbrains.kotlin.daemon.CompileServiceImplBase.execIncrementalCompiler(CompileServiceImpl.kt:684)
	at org.jetbrains.kotlin.daemon.CompileServiceImplBase.access$execIncrementalCompiler(CompileServiceImpl.kt:94)
	at org.jetbrains.kotlin.daemon.CompileServiceImpl.compile(CompileServiceImpl.kt:1810)
	at java.base/jdk.internal.reflect.DirectMethodHandleAccessor.invoke(Unknown Source)
	at java.base/java.lang.reflect.Method.invoke(Unknown Source)
	at java.rmi/sun.rmi.server.UnicastServerRef.dispatch(Unknown Source)
	at java.rmi/sun.rmi.transport.Transport$1.run(Unknown Source)
	at java.rmi/sun.rmi.transport.Transport$1.run(Unknown Source)
	at java.base/java.security.AccessController.doPrivileged(Unknown Source)
	at java.rmi/sun.rmi.transport.Transport.serviceCall(Unknown Source)
	at java.rmi/sun.rmi.transport.tcp.TCPTransport.handleMessages(Unknown Source)
	at java.rmi/sun.rmi.transport.tcp.TCPTransport$ConnectionHandler.run0(Unknown Source)
	at java.rmi/sun.rmi.transport.tcp.TCPTransport$ConnectionHandler.lambda$run$0(Unknown Source)
	at java.base/java.security.AccessController.doPrivileged(Unknown Source)
	at java.rmi/sun.rmi.transport.tcp.TCPTransport$ConnectionHandler.run(Unknown Source)
	at java.base/java.util.concurrent.ThreadPoolExecutor.runWorker(Unknown Source)
	at java.base/java.util.concurrent.ThreadPoolExecutor$Worker.run(Unknown Source)
	at java.base/java.lang.Thread.run(Unknown Source)


